Performing C SOURCE FILE Test CMAKE_HAVE_LIBC_PTHREAD failed with the following output:
Change Dir: /mnt/d/source/Graph_lib/build/CMakeFiles/CMakeTmp

Run Build Command(s):/usr/bin/gmake -f Makefile cmTC_f0238/fast && gmake[1]: Entering directory '/mnt/d/source/Graph_lib/build/CMakeFiles/CMakeTmp'
/usr/bin/gmake  -f CMakeFiles/cmTC_f0238.dir/build.make CMakeFiles/cmTC_f0238.dir/build
gmake[2]: Entering directory '/mnt/d/source/Graph_lib/build/CMakeFiles/CMakeTmp'
Building C object CMakeFiles/cmTC_f0238.dir/src.c.o
/home/nadim/fsl/bin/cc -DCMAKE_HAVE_LIBC_PTHREAD   -o CMakeFiles/cmTC_f0238.dir/src.c.o -c /mnt/d/source/Graph_lib/build/CMakeFiles/CMakeTmp/src.c
Linking C executable cmTC_f0238
/usr/bin/cmake -E cmake_link_script CMakeFiles/cmTC_f0238.dir/link.txt --verbose=1
/home/nadim/fsl/bin/cc CMakeFiles/cmTC_f0238.dir/src.c.o -o cmTC_f0238 
/home/nadim/fsl/bin/../lib/gcc/x86_64-conda-linux-gnu/11.3.0/../../../../x86_64-conda-linux-gnu/bin/ld: CMakeFiles/cmTC_f0238.dir/src.c.o: in function `main':
src.c:(.text+0x2f): undefined reference to `pthread_create'
/home/nadim/fsl/bin/../lib/gcc/x86_64-conda-linux-gnu/11.3.0/../../../../x86_64-conda-linux-gnu/bin/ld: src.c:(.text+0x3b): undefined reference to `pthread_detach'
/home/nadim/fsl/bin/../lib/gcc/x86_64-conda-linux-gnu/11.3.0/../../../../x86_64-conda-linux-gnu/bin/ld: src.c:(.text+0x47): undefined reference to `pthread_cancel'
/home/nadim/fsl/bin/../lib/gcc/x86_64-conda-linux-gnu/11.3.0/../../../../x86_64-conda-linux-gnu/bin/ld: src.c:(.text+0x58): undefined reference to `pthread_join'
/home/nadim/fsl/bin/../lib/gcc/x86_64-conda-linux-gnu/11.3.0/../../../../x86_64-conda-linux-gnu/bin/ld: src.c:(.text+0x6c): undefined reference to `pthread_atfork'
collect2: error: ld returned 1 exit status
gmake[2]: *** [CMakeFiles/cmTC_f0238.dir/build.make:99: cmTC_f0238] Error 1
gmake[2]: Leaving directory '/mnt/d/source/Graph_lib/build/CMakeFiles/CMakeTmp'
gmake[1]: *** [Makefile:127: cmTC_f0238/fast] Error 2
gmake[1]: Leaving directory '/mnt/d/source/Graph_lib/build/CMakeFiles/CMakeTmp'


Source file was:
#include <pthread.h>

static void* test_func(void* data)
{
  return data;
}

int main(void)
{
  pthread_t thread;
  pthread_create(&thread, NULL, test_func, NULL);
  pthread_detach(thread);
  pthread_cancel(thread);
  pthread_join(thread, NULL);
  pthread_atfork(NULL, NULL, NULL);
  pthread_exit(NULL);

  return 0;
}

Determining if the function pthread_create exists in the pthreads failed with the following output:
Change Dir: /mnt/d/source/Graph_lib/build/CMakeFiles/CMakeTmp

Run Build Command(s):/usr/bin/gmake -f Makefile cmTC_27932/fast && gmake[1]: Entering directory '/mnt/d/source/Graph_lib/build/CMakeFiles/CMakeTmp'
/usr/bin/gmake  -f CMakeFiles/cmTC_27932.dir/build.make CMakeFiles/cmTC_27932.dir/build
gmake[2]: Entering directory '/mnt/d/source/Graph_lib/build/CMakeFiles/CMakeTmp'
Building C object CMakeFiles/cmTC_27932.dir/CheckFunctionExists.c.o
/home/nadim/fsl/bin/cc   -DCHECK_FUNCTION_EXISTS=pthread_create -o CMakeFiles/cmTC_27932.dir/CheckFunctionExists.c.o -c /usr/share/cmake-3.22/Modules/CheckFunctionExists.c
Linking C executable cmTC_27932
/usr/bin/cmake -E cmake_link_script CMakeFiles/cmTC_27932.dir/link.txt --verbose=1
/home/nadim/fsl/bin/cc  -DCHECK_FUNCTION_EXISTS=pthread_create CMakeFiles/cmTC_27932.dir/CheckFunctionExists.c.o -o cmTC_27932  -lpthreads 
/home/nadim/fsl/bin/../lib/gcc/x86_64-conda-linux-gnu/11.3.0/../../../../x86_64-conda-linux-gnu/bin/ld: cannot find -lpthreads: No such file or directory
collect2: error: ld returned 1 exit status
gmake[2]: *** [CMakeFiles/cmTC_27932.dir/build.make:99: cmTC_27932] Error 1
gmake[2]: Leaving directory '/mnt/d/source/Graph_lib/build/CMakeFiles/CMakeTmp'
gmake[1]: *** [Makefile:127: cmTC_27932/fast] Error 2
gmake[1]: Leaving directory '/mnt/d/source/Graph_lib/build/CMakeFiles/CMakeTmp'



